<?xml version="1.0" encoding="UTF-8"?>
<testng-results skipped="0" failed="1" total="1" passed="0">
  <reporter-output>
  </reporter-output>
  <suite name="Default suite" duration-ms="16682" started-at="2021-05-22T09:24:08Z" finished-at="2021-05-22T09:24:24Z">
    <groups>
    </groups>
    <test name="Default test" duration-ms="16682" started-at="2021-05-22T09:24:08Z" finished-at="2021-05-22T09:24:24Z">
      <class name="org.automation.cowin.testcases.TC_001VerifyVaccinationBooking">
        <test-method status="PASS" signature="browesrlaunch()[pri:0, instance:org.automation.cowin.testcases.TC_001VerifyVaccinationBooking@598067a5]" test-instance-name="" name="browesrlaunch" is-config="true" duration-ms="8460" started-at="2021-05-22T14:54:08Z" finished-at="2021-05-22T14:54:16Z">
          <reporter-output>
          </reporter-output>
        </test-method> <!-- browesrlaunch -->
        <test-method status="FAIL" signature="test()[pri:0, instance:org.automation.cowin.testcases.TC_001VerifyVaccinationBooking@598067a5]" test-instance-name="" name="test" duration-ms="8065" started-at="2021-05-22T14:54:16Z" finished-at="2021-05-22T14:54:24Z">
          <exception class="java.lang.AssertionError">
            <message>
              <![CDATA[The following asserts failed:
	Sorry, There is some error.. Actaul Result is not as per the Expected Result expected [true] but found [false]]]>
            </message>
            <full-stacktrace>
              <![CDATA[java.lang.AssertionError: The following asserts failed:
	Sorry, There is some error.. Actaul Result is not as per the Expected Result expected [true] but found [false]
	at org.testng.asserts.SoftAssert.assertAll(SoftAssert.java:43)
	at org.automation.cowin.testcases.TC_001VerifyVaccinationBooking.test(TC_001VerifyVaccinationBooking.java:19)
	at sun.reflect.NativeMethodAccessorImpl.invoke0(Native Method)
	at sun.reflect.NativeMethodAccessorImpl.invoke(NativeMethodAccessorImpl.java:62)
	at sun.reflect.DelegatingMethodAccessorImpl.invoke(DelegatingMethodAccessorImpl.java:43)
	at java.lang.reflect.Method.invoke(Method.java:498)
	at org.testng.internal.MethodInvocationHelper.invokeMethod(MethodInvocationHelper.java:86)
	at org.testng.internal.Invoker.invokeMethod(Invoker.java:643)
	at org.testng.internal.Invoker.invokeTestMethod(Invoker.java:820)
	at org.testng.internal.Invoker.invokeTestMethods(Invoker.java:1128)
	at org.testng.internal.TestMethodWorker.invokeTestMethods(TestMethodWorker.java:129)
	at org.testng.internal.TestMethodWorker.run(TestMethodWorker.java:112)
	at org.testng.TestRunner.privateRun(TestRunner.java:782)
	at org.testng.TestRunner.run(TestRunner.java:632)
	at org.testng.SuiteRunner.runTest(SuiteRunner.java:366)
	at org.testng.SuiteRunner.runSequentially(SuiteRunner.java:361)
	at org.testng.SuiteRunner.privateRun(SuiteRunner.java:319)
	at org.testng.SuiteRunner.run(SuiteRunner.java:268)
	at org.testng.SuiteRunnerWorker.runSuite(SuiteRunnerWorker.java:52)
	at org.testng.SuiteRunnerWorker.run(SuiteRunnerWorker.java:86)
	at org.testng.TestNG.runSuitesSequentially(TestNG.java:1244)
	at org.testng.TestNG.runSuitesLocally(TestNG.java:1169)
	at org.testng.TestNG.run(TestNG.java:1064)
	at org.testng.remote.AbstractRemoteTestNG.run(AbstractRemoteTestNG.java:114)
	at org.testng.remote.RemoteTestNG.initAndRun(RemoteTestNG.java:251)
	at org.testng.remote.RemoteTestNG.main(RemoteTestNG.java:77)
]]>
            </full-stacktrace>
          </exception> <!-- java.lang.AssertionError -->
          <reporter-output>
          </reporter-output>
        </test-method> <!-- test -->
        <test-method status="PASS" signature="afterTest()[pri:0, instance:org.automation.cowin.testcases.TC_001VerifyVaccinationBooking@598067a5]" test-instance-name="" name="afterTest" is-config="true" duration-ms="119" started-at="2021-05-22T14:54:24Z" finished-at="2021-05-22T14:54:24Z">
          <reporter-output>
          </reporter-output>
        </test-method> <!-- afterTest -->
      </class> <!-- org.automation.cowin.testcases.TC_001VerifyVaccinationBooking -->
    </test> <!-- Default test -->
  </suite> <!-- Default suite -->
</testng-results>
